<?xml version="1.0" encoding="UTF-8"?>
<testng-results skipped="0" failed="0" ignored="0" total="4" passed="4">
  <reporter-output>
  </reporter-output>
  <suite name="Default suite" duration-ms="14267" started-at="2022-09-14T14:41:29Z" finished-at="2022-09-14T14:41:43Z">
    <groups>
    </groups>
    <test name="Default test" duration-ms="14267" started-at="2022-09-14T14:41:29Z" finished-at="2022-09-14T14:41:43Z">
      <class name="org.testNG.DataDrivenTest">
        <test-method status="PASS" signature="setup()[pri:0, instance:org.testNG.DataDrivenTest@3b0143d3]" name="setup" is-config="true" duration-ms="2314" started-at="2022-09-14T14:41:29Z" finished-at="2022-09-14T14:41:31Z">
          <reporter-output>
          </reporter-output>
        </test-method> <!-- setup -->
        <test-method status="PASS" signature="loginTest(java.lang.String, java.lang.String, java.lang.String)[pri:0, instance:org.testNG.DataDrivenTest@3b0143d3]" name="loginTest" duration-ms="8743" started-at="2022-09-14T14:41:31Z" data-provider="LoginData" finished-at="2022-09-14T14:41:40Z">
          <params>
            <param index="0">
              <value>
                <![CDATA[GaneshA10]]>
              </value>
            </param>
            <param index="1">
              <value>
                <![CDATA[Naturejo@88]]>
              </value>
            </param>
            <param index="2">
              <value>
                <![CDATA[Valid]]>
              </value>
            </param>
          </params>
          <reporter-output>
          </reporter-output>
        </test-method> <!-- loginTest -->
        <test-method status="PASS" signature="loginTest(java.lang.String, java.lang.String, java.lang.String)[pri:0, instance:org.testNG.DataDrivenTest@3b0143d3]" name="loginTest" duration-ms="1052" started-at="2022-09-14T14:41:40Z" data-provider="LoginData" finished-at="2022-09-14T14:41:41Z">
          <params>
            <param index="0">
              <value>
                <![CDATA[GaneshA10]]>
              </value>
            </param>
            <param index="1">
              <value>
                <![CDATA[OmSaravana]]>
              </value>
            </param>
            <param index="2">
              <value>
                <![CDATA[Invalid]]>
              </value>
            </param>
          </params>
          <reporter-output>
          </reporter-output>
        </test-method> <!-- loginTest -->
        <test-method status="PASS" signature="loginTest(java.lang.String, java.lang.String, java.lang.String)[pri:0, instance:org.testNG.DataDrivenTest@3b0143d3]" name="loginTest" duration-ms="1022" started-at="2022-09-14T14:41:41Z" data-provider="LoginData" finished-at="2022-09-14T14:41:42Z">
          <params>
            <param index="0">
              <value>
                <![CDATA[GaneshA88]]>
              </value>
            </param>
            <param index="1">
              <value>
                <![CDATA[Naturejo@88]]>
              </value>
            </param>
            <param index="2">
              <value>
                <![CDATA[Invalid]]>
              </value>
            </param>
          </params>
          <reporter-output>
          </reporter-output>
        </test-method> <!-- loginTest -->
        <test-method status="PASS" signature="loginTest(java.lang.String, java.lang.String, java.lang.String)[pri:0, instance:org.testNG.DataDrivenTest@3b0143d3]" name="loginTest" duration-ms="1029" started-at="2022-09-14T14:41:42Z" data-provider="LoginData" finished-at="2022-09-14T14:41:43Z">
          <params>
            <param index="0">
              <value>
                <![CDATA[GaneshA]]>
              </value>
            </param>
            <param index="1">
              <value>
                <![CDATA[Naturejo]]>
              </value>
            </param>
            <param index="2">
              <value>
                <![CDATA[Invalid]]>
              </value>
            </param>
          </params>
          <reporter-output>
          </reporter-output>
        </test-method> <!-- loginTest -->
        <test-method status="PASS" signature="tearDown()[pri:0, instance:org.testNG.DataDrivenTest@3b0143d3]" name="tearDown" is-config="true" duration-ms="73" started-at="2022-09-14T14:41:43Z" finished-at="2022-09-14T14:41:43Z">
          <reporter-output>
          </reporter-output>
        </test-method> <!-- tearDown -->
      </class> <!-- org.testNG.DataDrivenTest -->
    </test> <!-- Default test -->
  </suite> <!-- Default suite -->
</testng-results>
